#
# There is insufficient memory for the Java Runtime Environment to continue.
# Native memory allocation (malloc) failed to allocate 480104 bytes for AllocateHeap
# Possible reasons:
#   The system is out of physical RAM or swap space
#   In 32 bit mode, the process size limit was hit
# Possible solutions:
#   Reduce memory load on the system
#   Increase physical memory or swap space
#   Check if swap backing store is full
#   Use 64 bit Java on a 64 bit OS
#   Decrease Java heap size (-Xmx/-Xms)
#   Decrease number of Java threads
#   Decrease Java thread stack sizes (-Xss)
#   Set larger code cache with -XX:ReservedCodeCacheSize=
# This output file may be truncated or incomplete.
#
#  Out of Memory Error (memory/allocation.inline.hpp:61), pid=12108, tid=0x0000000000004e34
#
# JRE version:  (8.0) (build )
# Java VM: OpenJDK 64-Bit Server VM (25.71-b00 mixed mode windows-amd64 compressed oops)
# Failed to write core dump. Minidumps are not enabled by default on client versions of Windows
#

---------------  T H R E A D  ---------------

Current thread (0x0000000003532800):  JavaThread "Unknown thread" [_thread_in_vm, id=20020, stack(0x0000000003430000,0x0000000003530000)]

Stack: [0x0000000003430000,0x0000000003530000]
[error occurred during error reporting (printing stack bounds), id 0xc0000005]

Native frames: (J=compiled Java code, j=interpreted, Vv=VM code, C=native code)


---------------  P R O C E S S  ---------------

Java Threads: ( => current thread )

Other Threads:

=>0x0000000003532800 (exited) JavaThread "Unknown thread" [_thread_in_vm, id=20020, stack(0x0000000003430000,0x0000000003530000)]

VM state:not at safepoint (not fully initialized)

VM Mutex/Monitor currently owned by a thread: None

GC Heap History (0 events):
No events

Deoptimization events (0 events):
No events

Classes redefined (0 events):
No events

Internal exceptions (0 events):
No events

Events (0 events):
No events


Dynamic libraries:
0x00007ff6bb250000 - 0x00007ff6bb285000 	C:\Program Files\Unity\Hub\Editor\2020.3.4f1\Editor\Data\PlaybackEngines\AndroidPlayer\OpenJDK\bin\java.exe
0x00007fff8de10000 - 0x00007fff8e024000 	C:\WINDOWS\SYSTEM32\ntdll.dll
0x00007fff8d390000 - 0x00007fff8d453000 	C:\WINDOWS\System32\KERNEL32.DLL
0x00007fff8b6a0000 - 0x00007fff8ba3d000 	C:\WINDOWS\System32\KERNELBASE.dll
0x00007fff8d460000 - 0x00007fff8d50e000 	C:\WINDOWS\System32\ADVAPI32.dll
0x00007fff8dad0000 - 0x00007fff8db77000 	C:\WINDOWS\System32\msvcrt.dll
0x00007fff8c0b0000 - 0x00007fff8c154000 	C:\WINDOWS\System32\sechost.dll
0x00007fff8d270000 - 0x00007fff8d385000 	C:\WINDOWS\System32\RPCRT4.dll
0x00007fff8db80000 - 0x00007fff8dd2d000 	C:\WINDOWS\System32\USER32.dll
0x00007fff8ba40000 - 0x00007fff8ba66000 	C:\WINDOWS\System32\win32u.dll
0x00007fff8c080000 - 0x00007fff8c0a9000 	C:\WINDOWS\System32\GDI32.dll
0x00007fff8bae0000 - 0x00007fff8bbf2000 	C:\WINDOWS\System32\gdi32full.dll
0x00007fff8b2f0000 - 0x00007fff8b38a000 	C:\WINDOWS\System32\msvcp_win.dll
0x00007fff8b410000 - 0x00007fff8b521000 	C:\WINDOWS\System32\ucrtbase.dll
0x00007fff67a40000 - 0x00007fff67cce000 	C:\WINDOWS\WinSxS\amd64_microsoft.windows.common-controls_6595b64144ccf1df_6.0.22621.608_none_a9444ca7c10bb01d\COMCTL32.dll
0x00007fff8d230000 - 0x00007fff8d262000 	C:\WINDOWS\System32\IMM32.DLL
0x000000006a1d0000 - 0x000000006a2a2000 	C:\Program Files\Unity\Hub\Editor\2020.3.4f1\Editor\Data\PlaybackEngines\AndroidPlayer\OpenJDK\jre\bin\msvcr100.dll
0x0000000068d60000 - 0x00000000695a9000 	C:\Program Files\Unity\Hub\Editor\2020.3.4f1\Editor\Data\PlaybackEngines\AndroidPlayer\OpenJDK\jre\bin\server\jvm.dll
0x00007fff8ddc0000 - 0x00007fff8ddc8000 	C:\WINDOWS\System32\PSAPI.DLL
0x00007ffef5900000 - 0x00007ffef5909000 	C:\WINDOWS\SYSTEM32\WSOCK32.dll
0x00007fff88e60000 - 0x00007fff88e6a000 	C:\WINDOWS\SYSTEM32\VERSION.dll
0x00007fff799f0000 - 0x00007fff79a24000 	C:\WINDOWS\SYSTEM32\WINMM.dll
0x00007fff8da00000 - 0x00007fff8da71000 	C:\WINDOWS\System32\WS2_32.dll
0x00007fff73b30000 - 0x00007fff73b3f000 	C:\Program Files\Unity\Hub\Editor\2020.3.4f1\Editor\Data\PlaybackEngines\AndroidPlayer\OpenJDK\jre\bin\verify.dll
0x00007fff31550000 - 0x00007fff31579000 	C:\Program Files\Unity\Hub\Editor\2020.3.4f1\Editor\Data\PlaybackEngines\AndroidPlayer\OpenJDK\jre\bin\java.dll
0x00007fff5beb0000 - 0x00007fff5bec6000 	C:\Program Files\Unity\Hub\Editor\2020.3.4f1\Editor\Data\PlaybackEngines\AndroidPlayer\OpenJDK\jre\bin\zip.dll

VM Arguments:
jvm_args: -Dfile.encoding=UTF-8 
java_command: <unknown>
java_class_path (initial): .
Launcher Type: SUN_STANDARD

Environment Variables:
JAVA_HOME=C:\Program Files\Unity\Hub\Editor\2020.3.4f1\Editor\Data\PlaybackEngines\AndroidPlayer\OpenJDK
JAVA_TOOL_OPTIONS=-Dfile.encoding=UTF-8
PATH=C:\Program Files\Eclipse Foundation\jdk-8.0.302.8-hotspot\bin;C:\Windows\system32;C:\Windows;C:\Windows\System32\Wbem;C:\Windows\System32\WindowsPowerShell\v1.0\;C:\Windows\System32\OpenSSH\;C:\Program Files (x86)\NVIDIA Corporation\PhysX\Common;C:\Program Files\NVIDIA Corporation\NVIDIA NvDLISR;C;C:\Program Files\dotnet\;C:\Program Files\nodejs\;C:\Program Files\Git\cmd;%SystemRoot%\system32;%SystemRoot%;%SystemRoot%\System32\Wbem;%SYSTEMROOT%\System32\WindowsPowerShell\v1.0\;%SYSTEMROOT%\System32\OpenSSH\;C:\Users\yoghu\AppData\Local\Microsoft\WindowsApps;C:\Users\yoghu\AppData\Local\Programs\Microsoft VS Code\bin;C:\Users\yoghu\.dotnet\tools;C:\Users\yoghu\AppData\Roaming\npm;
USERNAME=yoghu
OS=Windows_NT
PROCESSOR_IDENTIFIER=Intel64 Family 6 Model 165 Stepping 2, GenuineIntel



---------------  S Y S T E M  ---------------

OS: Windows 10.0 , 64 bit Build 22621 (10.0.22621.1105)

CPU:total 12 (initial active 12) (6 cores per cpu, 2 threads per core) family 6 model 165 stepping 2, cmov, cx8, fxsr, mmx, sse, sse2, sse3, ssse3, sse4.1, sse4.2, popcnt, avx, avx2, aes, clmul, erms, 3dnowpref, lzcnt, ht, tsc, tscinvbit, bmi1, bmi2, adx

Memory: 4k page, physical 16594332k(5410272k free), swap 16594332k(5148k free)

vm_info: OpenJDK 64-Bit Server VM (25.71-b00) for windows-amd64 JRE (1.8.0-adoptopenjdk-_2018_05_19_00_59-b00), built on May 19 2018 01:02:12 by "jenkins" with MS VC++ 10.0 (VS2010)

time: Tue Jan 31 13:28:59 2023
elapsed time: 0 seconds (0d 0h 0m 0s)

