#
# There is insufficient memory for the Java Runtime Environment to continue.
# Native memory allocation (malloc) failed to allocate 1048576 bytes for AllocateHeap
# Possible reasons:
#   The system is out of physical RAM or swap space
#   In 32 bit mode, the process size limit was hit
# Possible solutions:
#   Reduce memory load on the system
#   Increase physical memory or swap space
#   Check if swap backing store is full
#   Use 64 bit Java on a 64 bit OS
#   Decrease Java heap size (-Xmx/-Xms)
#   Decrease number of Java threads
#   Decrease Java thread stack sizes (-Xss)
#   Set larger code cache with -XX:ReservedCodeCacheSize=
# This output file may be truncated or incomplete.
#
#  Out of Memory Error (memory/allocation.inline.hpp:61), pid=16792, tid=0x0000000000000a6c
#
# JRE version:  (8.0) (build )
# Java VM: OpenJDK 64-Bit Server VM (25.71-b00 mixed mode windows-amd64 compressed oops)
# Failed to write core dump. Minidumps are not enabled by default on client versions of Windows
#

---------------  T H R E A D  ---------------

Current thread (0x00000000028f5000):  JavaThread "Unknown thread" [_thread_in_vm, id=2668, stack(0x00000000027f0000,0x00000000028f0000)]

Stack: [0x00000000027f0000,0x00000000028f0000]
[error occurred during error reporting (printing stack bounds), id 0xc0000005]

Native frames: (J=compiled Java code, j=interpreted, Vv=VM code, C=native code)


---------------  P R O C E S S  ---------------

Java Threads: ( => current thread )

Other Threads:

=>0x00000000028f5000 (exited) JavaThread "Unknown thread" [_thread_in_vm, id=2668, stack(0x00000000027f0000,0x00000000028f0000)]

VM state:not at safepoint (normal execution)

VM Mutex/Monitor currently owned by a thread: None

Heap:
 PSYoungGen      total 75776K, used 1300K [0x000000076b980000, 0x0000000770e00000, 0x00000007c0000000)
  eden space 65024K, 2% used [0x000000076b980000,0x000000076bac51f8,0x000000076f900000)
  from space 10752K, 0% used [0x0000000770380000,0x0000000770380000,0x0000000770e00000)
  to   space 10752K, 0% used [0x000000076f900000,0x000000076f900000,0x0000000770380000)
 ParOldGen       total 173568K, used 0K [0x00000006c2c00000, 0x00000006cd580000, 0x000000076b980000)
  object space 173568K, 0% used [0x00000006c2c00000,0x00000006c2c00000,0x00000006cd580000)
 Metaspace       used 777K, capacity 4480K, committed 4480K, reserved 1056768K
  class space    used 74K, capacity 384K, committed 384K, reserved 1048576K

Card table byte_map: [0x0000000011db0000,0x00000000125a0000] byte_map_base: 0x000000000e79a000

Marking Bits: (ParMarkBitMap*) 0x00000000765ebe50
 Begin Bits: [0x00000000134f0000, 0x0000000017440000)
 End Bits:   [0x0000000017440000, 0x000000001b390000)

Polling page: 0x0000000002410000

CodeCache: size=245760Kb used=328Kb max_used=328Kb free=245431Kb
 bounds [0x00000000029f0000, 0x0000000002c60000, 0x00000000119f0000]
 total_blobs=57 nmethods=0 adapters=38
 compilation: enabled

Compilation events (0 events):
No events

GC Heap History (0 events):
No events

Deoptimization events (0 events):
No events

Classes redefined (0 events):
No events

Internal exceptions (0 events):
No events

Events (10 events):
Event: 0.014 loading class java/lang/Short
Event: 0.014 loading class java/lang/Short done
Event: 0.014 loading class java/lang/Integer
Event: 0.014 loading class java/lang/Integer done
Event: 0.014 loading class java/lang/Long
Event: 0.014 loading class java/lang/Long done
Event: 0.015 loading class java/lang/NullPointerException
Event: 0.015 loading class java/lang/NullPointerException done
Event: 0.015 loading class java/lang/ArithmeticException
Event: 0.015 loading class java/lang/ArithmeticException done


Dynamic libraries:
0x00007ff7e2af0000 - 0x00007ff7e2b25000 	C:\Program Files\Unity\Hub\Editor\2020.3.4f1\Editor\Data\PlaybackEngines\AndroidPlayer\OpenJDK\bin\java.exe
0x00007ffd04b90000 - 0x00007ffd04da4000 	C:\WINDOWS\SYSTEM32\ntdll.dll
0x00007ffd029e0000 - 0x00007ffd02aa3000 	C:\WINDOWS\System32\KERNEL32.DLL
0x00007ffd024c0000 - 0x00007ffd0285d000 	C:\WINDOWS\System32\KERNELBASE.dll
0x00007ffd03100000 - 0x00007ffd031ae000 	C:\WINDOWS\System32\ADVAPI32.dll
0x00007ffd03a50000 - 0x00007ffd03af7000 	C:\WINDOWS\System32\msvcrt.dll
0x00007ffd03670000 - 0x00007ffd03714000 	C:\WINDOWS\System32\sechost.dll
0x00007ffd02fe0000 - 0x00007ffd030f5000 	C:\WINDOWS\System32\RPCRT4.dll
0x00007ffd042f0000 - 0x00007ffd0449d000 	C:\WINDOWS\System32\USER32.dll
0x00007ffd02330000 - 0x00007ffd02356000 	C:\WINDOWS\System32\win32u.dll
0x00007ffd03350000 - 0x00007ffd03379000 	C:\WINDOWS\System32\GDI32.dll
0x00007ffd02210000 - 0x00007ffd02322000 	C:\WINDOWS\System32\gdi32full.dll
0x00007ffd02360000 - 0x00007ffd023fa000 	C:\WINDOWS\System32\msvcp_win.dll
0x00007ffd02860000 - 0x00007ffd02971000 	C:\WINDOWS\System32\ucrtbase.dll
0x00007ffcdafc0000 - 0x00007ffcdb24e000 	C:\WINDOWS\WinSxS\amd64_microsoft.windows.common-controls_6595b64144ccf1df_6.0.22621.608_none_a9444ca7c10bb01d\COMCTL32.dll
0x00007ffd03380000 - 0x00007ffd033b2000 	C:\WINDOWS\System32\IMM32.DLL
0x0000000076cb0000 - 0x0000000076d82000 	C:\Program Files\Unity\Hub\Editor\2020.3.4f1\Editor\Data\PlaybackEngines\AndroidPlayer\OpenJDK\jre\bin\msvcr100.dll
0x0000000075e20000 - 0x0000000076669000 	C:\Program Files\Unity\Hub\Editor\2020.3.4f1\Editor\Data\PlaybackEngines\AndroidPlayer\OpenJDK\jre\bin\server\jvm.dll
0x00007ffd03340000 - 0x00007ffd03348000 	C:\WINDOWS\System32\PSAPI.DLL
0x00007ffccc380000 - 0x00007ffccc389000 	C:\WINDOWS\SYSTEM32\WSOCK32.dll
0x00007ffcf1060000 - 0x00007ffcf1094000 	C:\WINDOWS\SYSTEM32\WINMM.dll
0x00007ffcfc220000 - 0x00007ffcfc22a000 	C:\WINDOWS\SYSTEM32\VERSION.dll
0x00007ffd04ad0000 - 0x00007ffd04b41000 	C:\WINDOWS\System32\WS2_32.dll
0x00007ffcff0f0000 - 0x00007ffcff0ff000 	C:\Program Files\Unity\Hub\Editor\2020.3.4f1\Editor\Data\PlaybackEngines\AndroidPlayer\OpenJDK\jre\bin\verify.dll
0x00007ffcec7a0000 - 0x00007ffcec7c9000 	C:\Program Files\Unity\Hub\Editor\2020.3.4f1\Editor\Data\PlaybackEngines\AndroidPlayer\OpenJDK\jre\bin\java.dll
0x00007ffcfc630000 - 0x00007ffcfc646000 	C:\Program Files\Unity\Hub\Editor\2020.3.4f1\Editor\Data\PlaybackEngines\AndroidPlayer\OpenJDK\jre\bin\zip.dll

VM Arguments:
jvm_args: -Dfile.encoding=UTF-8 -Dcom.android.sdkmanager.toolsdir=C:\Program Files\Unity\Hub\Editor\2020.3.4f1\Editor\Data\PlaybackEngines\AndroidPlayer\SDK\tools\bin\\.. 
java_command: com.android.sdklib.tool.AvdManagerCli list target -c
java_class_path (initial): C:\Program Files\Unity\Hub\Editor\2020.3.4f1\Editor\Data\PlaybackEngines\AndroidPlayer\SDK\tools\bin\..\lib\dvlib-26.0.0-dev.jar;C:\Program Files\Unity\Hub\Editor\2020.3.4f1\Editor\Data\PlaybackEngines\AndroidPlayer\SDK\tools\bin\..\lib\jimfs-1.1.jar;C:\Program Files\Unity\Hub\Editor\2020.3.4f1\Editor\Data\PlaybackEngines\AndroidPlayer\SDK\tools\bin\..\lib\jsr305-1.3.9.jar;C:\Program Files\Unity\Hub\Editor\2020.3.4f1\Editor\Data\PlaybackEngines\AndroidPlayer\SDK\tools\bin\..\lib\repository-26.0.0-dev.jar;C:\Program Files\Unity\Hub\Editor\2020.3.4f1\Editor\Data\PlaybackEngines\AndroidPlayer\SDK\tools\bin\..\lib\j2objc-annotations-1.1.jar;C:\Program Files\Unity\Hub\Editor\2020.3.4f1\Editor\Data\PlaybackEngines\AndroidPlayer\SDK\tools\bin\..\lib\layoutlib-api-26.0.0-dev.jar;C:\Program Files\Unity\Hub\Editor\2020.3.4f1\Editor\Data\PlaybackEngines\AndroidPlayer\SDK\tools\bin\..\lib\gson-2.3.jar;C:\Program Files\Unity\Hub\Editor\2020.3.4f1\Editor\Data\PlaybackEngines\AndroidPlayer\SDK\tools\bin\..\lib\httpcore-4.2.5.jar;C:\Program Files\Unity\Hub\Editor\2020.3.4f1\Editor\Data\PlaybackEngines\AndroidPlayer\SDK\tools\bin\..\lib\commons-logging-1.1.1.jar;C:\Program Files\Unity\Hub\Editor\2020.3.4f1\Editor\Data\PlaybackEngines\AndroidPlayer\SDK\tools\bin\..\lib\commons-compress-1.12.jar;C:\Program Files\Unity\Hub\Editor\2020.3.4f1\Editor\Data\PlaybackEngines\AndroidPlayer\SDK\tools\bin\..\lib\annotations-26.0.0-dev.jar;C:\Program Files\Unity\Hub\Editor\2020.3.4f1\Editor\Data\PlaybackEngines\AndroidPlayer\SDK\tools\bin\..\lib\error_prone_annotations-2.0.18.jar;C:\Program Files\Unity\Hub\Editor\2020.3.4f1\Editor\Data\PlaybackEngines\AndroidPlayer\SDK\tools\bin\..\lib\animal-sniffer-annotations-1.14.jar;C:\Program Files\Unity\Hub\Editor\2020.3.4f1\Editor\Data\PlaybackEngines\AndroidPlayer\SDK\tools\bin\..\lib\httpclient-4.2.6.jar;C:\Program Files\Unity\Hub\Editor\2020.3.4f1\Editor\Data\PlaybackEngines\AndroidPlayer\SDK\tools\bin\..\lib\commons-codec-
Launcher Type: SUN_STANDARD

Environment Variables:
JAVA_HOME=C:\Program Files\Unity\Hub\Editor\2020.3.4f1\Editor\Data\PlaybackEngines\AndroidPlayer\OpenJDK
JAVA_TOOL_OPTIONS=-Dfile.encoding=UTF-8
PATH=C:\Program Files\Eclipse Foundation\jdk-8.0.302.8-hotspot\bin;C:\Windows\system32;C:\Windows;C:\Windows\System32\Wbem;C:\Windows\System32\WindowsPowerShell\v1.0\;C:\Windows\System32\OpenSSH\;C:\Program Files (x86)\NVIDIA Corporation\PhysX\Common;C:\Program Files\NVIDIA Corporation\NVIDIA NvDLISR;C;C:\Program Files\dotnet\;C:\Program Files\nodejs\;C:\Program Files\Git\cmd;%SystemRoot%\system32;%SystemRoot%;%SystemRoot%\System32\Wbem;%SYSTEMROOT%\System32\WindowsPowerShell\v1.0\;%SYSTEMROOT%\System32\OpenSSH\;C:\Users\yoghu\AppData\Local\Microsoft\WindowsApps;C:\Users\yoghu\AppData\Local\Programs\Microsoft VS Code\bin;C:\Users\yoghu\.dotnet\tools;C:\Users\yoghu\AppData\Roaming\npm;
USERNAME=yoghu
OS=Windows_NT
PROCESSOR_IDENTIFIER=Intel64 Family 6 Model 165 Stepping 2, GenuineIntel



---------------  S Y S T E M  ---------------

OS: Windows 10.0 , 64 bit Build 22621 (10.0.22621.1105)

CPU:total 12 (initial active 12) (6 cores per cpu, 2 threads per core) family 6 model 165 stepping 2, cmov, cx8, fxsr, mmx, sse, sse2, sse3, ssse3, sse4.1, sse4.2, popcnt, avx, avx2, aes, clmul, erms, 3dnowpref, lzcnt, ht, tsc, tscinvbit, bmi1, bmi2, adx

Memory: 4k page, physical 16594332k(5353632k free), swap 16594332k(5488k free)

vm_info: OpenJDK 64-Bit Server VM (25.71-b00) for windows-amd64 JRE (1.8.0-adoptopenjdk-_2018_05_19_00_59-b00), built on May 19 2018 01:02:12 by "jenkins" with MS VC++ 10.0 (VS2010)

time: Tue Jan 31 10:52:42 2023
elapsed time: 0 seconds (0d 0h 0m 0s)

